<?xml version="1.0" encoding="UTF-8"?>
<testng-results ignored="0" total="1" passed="1" failed="0" skipped="0">
  <reporter-output>
  </reporter-output>
  <suite started-at="2023-11-28T10:54:55 IST" name="Default suite" finished-at="2023-11-28T10:54:55 IST" duration-ms="58">
    <groups>
    </groups>
    <test started-at="2023-11-28T10:54:55 IST" name="Default test" finished-at="2023-11-28T10:54:55 IST" duration-ms="58">
      <class name="Basic.Test1">
        <test-method signature="Facebook()[pri:0, instance:Basic.Test1@45099dd3]" started-at="2023-11-28T10:54:55 IST" name="Facebook" finished-at="2023-11-28T10:54:55 IST" duration-ms="10" status="PASS">
          <reporter-output>
          </reporter-output>
        </test-method> <!-- Facebook -->
      </class> <!-- Basic.Test1 -->
    </test> <!-- Default test -->
  </suite> <!-- Default suite -->
</testng-results>
